[debug] [2025-05-20T21:05:21.716Z] ----------------------------------------------------------------------
[debug] [2025-05-20T21:05:21.722Z] Command:       C:\Program Files\nodejs\node.exe C:\Users\matth\AppData\Roaming\npm\node_modules\firebase-tools\lib\bin\firebase.js emulators:start
[debug] [2025-05-20T21:05:21.723Z] CLI Version:   14.2.1
[debug] [2025-05-20T21:05:21.723Z] Platform:      win32
[debug] [2025-05-20T21:05:21.723Z] Node Version:  v23.10.0
[debug] [2025-05-20T21:05:21.724Z] Time:          Tue May 20 2025 23:05:21 GMT+0200 (South Africa Standard Time)
[debug] [2025-05-20T21:05:21.724Z] ----------------------------------------------------------------------
[debug] 
[debug] [2025-05-20T21:05:22.496Z] > command requires scopes: ["email","openid","https://www.googleapis.com/auth/cloudplatformprojects.readonly","https://www.googleapis.com/auth/firebase","https://www.googleapis.com/auth/cloud-platform"]
[debug] [2025-05-20T21:05:22.497Z] > authorizing via signed-in user (matthewkiwalabye@gmail.com)
[info] i  emulators: Starting emulators: functions, extensions {"metadata":{"emulator":{"name":"hub"},"message":"Starting emulators: functions, extensions"}}
[debug] [2025-05-20T21:05:22.508Z] Checked if tokens are valid: false, expires at: 1747775888713
[debug] [2025-05-20T21:05:22.508Z] Checked if tokens are valid: false, expires at: 1747775888713
[debug] [2025-05-20T21:05:22.509Z] > refreshing access token with scopes: []
[debug] [2025-05-20T21:05:22.512Z] >>> [apiv2][query] POST https://www.googleapis.com/oauth2/v3/token [none]
[debug] [2025-05-20T21:05:22.513Z] >>> [apiv2][body] POST https://www.googleapis.com/oauth2/v3/token [omitted]
[debug] [2025-05-20T21:05:23.737Z] <<< [apiv2][status] POST https://www.googleapis.com/oauth2/v3/token 200
[debug] [2025-05-20T21:05:23.739Z] <<< [apiv2][body] POST https://www.googleapis.com/oauth2/v3/token [omitted]
[debug] [2025-05-20T21:05:23.793Z] >>> [apiv2][query] GET https://cloudresourcemanager.googleapis.com/v1/projects/clone-45a15 [none]
[debug] [2025-05-20T21:05:26.541Z] <<< [apiv2][status] GET https://cloudresourcemanager.googleapis.com/v1/projects/clone-45a15 200
[debug] [2025-05-20T21:05:26.542Z] <<< [apiv2][body] GET https://cloudresourcemanager.googleapis.com/v1/projects/clone-45a15 {"projectNumber":"1078085192738","projectId":"clone-45a15","lifecycleState":"ACTIVE","name":"amazon-clone","labels":{"firebase":"enabled","firebase-core":"disabled"},"createTime":"2025-04-25T19:46:35.749925Z"}
[debug] [2025-05-20T21:05:26.582Z] [logging] Logging Emulator only supports listening on one address (127.0.0.1). Not listening on ::1
[debug] [2025-05-20T21:05:26.582Z] assigned listening specs for emulators {"user":{"hub":[{"address":"127.0.0.1","family":"IPv4","port":4400},{"address":"::1","family":"IPv6","port":4400}],"ui":[{"address":"127.0.0.1","family":"IPv4","port":4000},{"address":"::1","family":"IPv6","port":4000}],"logging":[{"address":"127.0.0.1","family":"IPv4","port":4500}]},"metadata":{"message":"assigned listening specs for emulators"}}
[debug] [2025-05-20T21:05:26.596Z] [hub] writing locator at C:\Users\matth\AppData\Local\Temp\hub-clone-45a15.json
[debug] [2025-05-20T21:05:26.619Z] [Extensions] Started Extensions emulator, this is a noop.
[debug] [2025-05-20T21:05:26.634Z] [functions] Functions Emulator only supports listening on one address (127.0.0.1). Not listening on ::1
[debug] [2025-05-20T21:05:26.634Z] [eventarc] Eventarc Emulator only supports listening on one address (127.0.0.1). Not listening on ::1
[debug] [2025-05-20T21:05:26.634Z] [tasks] Cloud Tasks Emulator only supports listening on one address (127.0.0.1). Not listening on ::1
[debug] [2025-05-20T21:05:26.635Z] late-assigned ports for functions and eventarc emulators {"user":{"hub":[{"address":"127.0.0.1","family":"IPv4","port":4400},{"address":"::1","family":"IPv6","port":4400}],"ui":[{"address":"127.0.0.1","family":"IPv4","port":4000},{"address":"::1","family":"IPv6","port":4000}],"logging":[{"address":"127.0.0.1","family":"IPv4","port":4500}],"functions":[{"address":"127.0.0.1","family":"IPv4","port":5001}],"eventarc":[{"address":"127.0.0.1","family":"IPv4","port":9299}],"tasks":[{"address":"127.0.0.1","family":"IPv4","port":9499}]},"metadata":{"message":"late-assigned ports for functions and eventarc emulators"}}
[warn] !  functions: The following emulators are not running, calls to these services from the Functions emulator will affect production: apphosting, auth, firestore, database, hosting, pubsub, storage, dataconnect {"metadata":{"emulator":{"name":"functions"},"message":"The following emulators are not running, calls to these services from the Functions emulator will affect production: \u001b[1mapphosting, auth, firestore, database, hosting, pubsub, storage, dataconnect\u001b[22m"}}
[debug] [2025-05-20T21:05:28.721Z] defaultcredentials: writing to file C:\Users\matth\AppData\Roaming\firebase\matthewkiwalabye_gmail_com_application_default_credentials.json
[debug] [2025-05-20T21:05:28.725Z] Setting GAC to C:\Users\matth\AppData\Roaming\firebase\matthewkiwalabye_gmail_com_application_default_credentials.json {"metadata":{"emulator":{"name":"functions"},"message":"Setting GAC to C:\\Users\\matth\\AppData\\Roaming\\firebase\\matthewkiwalabye_gmail_com_application_default_credentials.json"}}
[debug] [2025-05-20T21:05:28.728Z] Checked if tokens are valid: true, expires at: 1747778722739
[debug] [2025-05-20T21:05:28.728Z] Checked if tokens are valid: true, expires at: 1747778722739
[debug] [2025-05-20T21:05:28.729Z] >>> [apiv2][query] GET https://firebase.googleapis.com/v1beta1/projects/clone-45a15/adminSdkConfig [none]
[debug] [2025-05-20T21:05:30.367Z] <<< [apiv2][status] GET https://firebase.googleapis.com/v1beta1/projects/clone-45a15/adminSdkConfig 200
[debug] [2025-05-20T21:05:30.367Z] <<< [apiv2][body] GET https://firebase.googleapis.com/v1beta1/projects/clone-45a15/adminSdkConfig {"projectId":"clone-45a15","storageBucket":"clone-45a15.firebasestorage.app"}
[info] i  ui: downloading ui-v1.14.0.zip... {"metadata":{"emulator":{"name":"ui"},"message":"downloading ui-v1.14.0.zip..."}}
[debug] [2025-05-20T21:05:30.502Z] >>> [apiv2][query] GET https://storage.googleapis.com/firebase-preview-drop/emulator/ui-v1.14.0.zip 
[debug] [2025-05-20T21:05:33.718Z] <<< [apiv2][status] GET https://storage.googleapis.com/firebase-preview-drop/emulator/ui-v1.14.0.zip 200
[debug] [2025-05-20T21:05:33.719Z] <<< [apiv2][body] GET https://storage.googleapis.com/firebase-preview-drop/emulator/ui-v1.14.0.zip [stream]
[debug] [2025-05-20T21:05:42.568Z] Data is 3615311
[debug] [2025-05-20T21:05:42.570Z] [unzip] Entry: client/ (compressed_size=0 bytes, uncompressed_size=0 bytes)
[debug] [2025-05-20T21:05:42.570Z] [unzip] Processing entry: client\
[debug] [2025-05-20T21:05:42.570Z] [unzip] mkdir: C:\Users\matth\.cache\firebase\emulators\ui-v1.14.0\client\
[debug] [2025-05-20T21:05:42.572Z] [unzip] Entry: client/favicon-16x16.png (compressed_size=293 bytes, uncompressed_size=293 bytes)
[debug] [2025-05-20T21:05:42.572Z] [unzip] Processing entry: client\favicon-16x16.png
[debug] [2025-05-20T21:05:42.573Z] [unzip] else mkdir: C:\Users\matth\.cache\firebase\emulators\ui-v1.14.0\client
[debug] [2025-05-20T21:05:42.573Z] [unzip] Writing file: C:\Users\matth\.cache\firebase\emulators\ui-v1.14.0\client\favicon-16x16.png
[debug] [2025-05-20T21:05:42.577Z] [unzip] Entry: client/safari-pinned-tab.svg (compressed_size=1433 bytes, uncompressed_size=2611 bytes)
[debug] [2025-05-20T21:05:42.577Z] [unzip] Processing entry: client\safari-pinned-tab.svg
[debug] [2025-05-20T21:05:42.577Z] [unzip] else mkdir: C:\Users\matth\.cache\firebase\emulators\ui-v1.14.0\client
[debug] [2025-05-20T21:05:42.578Z] [unzip] deflating: C:\Users\matth\.cache\firebase\emulators\ui-v1.14.0\client\safari-pinned-tab.svg
[debug] [2025-05-20T21:05:42.588Z] [unzip] Entry: client/favicon.ico (compressed_size=2933 bytes, uncompressed_size=13294 bytes)
[debug] [2025-05-20T21:05:42.589Z] [unzip] Processing entry: client\favicon.ico
[debug] [2025-05-20T21:05:42.589Z] [unzip] else mkdir: C:\Users\matth\.cache\firebase\emulators\ui-v1.14.0\client
[debug] [2025-05-20T21:05:42.590Z] [unzip] deflating: C:\Users\matth\.cache\firebase\emulators\ui-v1.14.0\client\favicon.ico
[debug] [2025-05-20T21:05:42.593Z] [unzip] Entry: client/index.html (compressed_size=1363 bytes, uncompressed_size=3071 bytes)
[debug] [2025-05-20T21:05:42.594Z] [unzip] Processing entry: client\index.html
[debug] [2025-05-20T21:05:42.594Z] [unzip] else mkdir: C:\Users\matth\.cache\firebase\emulators\ui-v1.14.0\client
[debug] [2025-05-20T21:05:42.595Z] [unzip] deflating: C:\Users\matth\.cache\firebase\emulators\ui-v1.14.0\client\index.html
[debug] [2025-05-20T21:05:42.597Z] [unzip] Entry: client/android-chrome-192x192.png (compressed_size=2684 bytes, uncompressed_size=2684 bytes)
[debug] [2025-05-20T21:05:42.598Z] [unzip] Processing entry: client\android-chrome-192x192.png
[debug] [2025-05-20T21:05:42.598Z] [unzip] else mkdir: C:\Users\matth\.cache\firebase\emulators\ui-v1.14.0\client
[debug] [2025-05-20T21:05:42.598Z] [unzip] Writing file: C:\Users\matth\.cache\firebase\emulators\ui-v1.14.0\client\android-chrome-192x192.png
[debug] [2025-05-20T21:05:42.600Z] [unzip] Entry: client/apple-touch-icon.png (compressed_size=2123 bytes, uncompressed_size=2152 bytes)
[debug] [2025-05-20T21:05:42.600Z] [unzip] Processing entry: client\apple-touch-icon.png
[debug] [2025-05-20T21:05:42.600Z] [unzip] else mkdir: C:\Users\matth\.cache\firebase\emulators\ui-v1.14.0\client
[debug] [2025-05-20T21:05:42.601Z] [unzip] deflating: C:\Users\matth\.cache\firebase\emulators\ui-v1.14.0\client\apple-touch-icon.png
[debug] [2025-05-20T21:05:42.604Z] [unzip] Entry: client/android-chrome-512x512.png (compressed_size=5369 bytes, uncompressed_size=5411 bytes)
[debug] [2025-05-20T21:05:42.604Z] [unzip] Processing entry: client\android-chrome-512x512.png
[debug] [2025-05-20T21:05:42.604Z] [unzip] else mkdir: C:\Users\matth\.cache\firebase\emulators\ui-v1.14.0\client
[debug] [2025-05-20T21:05:42.605Z] [unzip] deflating: C:\Users\matth\.cache\firebase\emulators\ui-v1.14.0\client\android-chrome-512x512.png
[debug] [2025-05-20T21:05:42.609Z] [unzip] Entry: client/manifest.json (compressed_size=245 bytes, uncompressed_size=551 bytes)
[debug] [2025-05-20T21:05:42.609Z] [unzip] Processing entry: client\manifest.json
[debug] [2025-05-20T21:05:42.609Z] [unzip] else mkdir: C:\Users\matth\.cache\firebase\emulators\ui-v1.14.0\client
[debug] [2025-05-20T21:05:42.610Z] [unzip] deflating: C:\Users\matth\.cache\firebase\emulators\ui-v1.14.0\client\manifest.json
[debug] [2025-05-20T21:05:42.613Z] [unzip] Entry: client/robots.txt (compressed_size=26 bytes, uncompressed_size=26 bytes)
[debug] [2025-05-20T21:05:42.613Z] [unzip] Processing entry: client\robots.txt
[debug] [2025-05-20T21:05:42.613Z] [unzip] else mkdir: C:\Users\matth\.cache\firebase\emulators\ui-v1.14.0\client
[debug] [2025-05-20T21:05:42.614Z] [unzip] Writing file: C:\Users\matth\.cache\firebase\emulators\ui-v1.14.0\client\robots.txt
[debug] [2025-05-20T21:05:42.616Z] [unzip] Entry: client/mstile-150x150.png (compressed_size=2034 bytes, uncompressed_size=2034 bytes)
[debug] [2025-05-20T21:05:42.616Z] [unzip] Processing entry: client\mstile-150x150.png
[debug] [2025-05-20T21:05:42.616Z] [unzip] else mkdir: C:\Users\matth\.cache\firebase\emulators\ui-v1.14.0\client
[debug] [2025-05-20T21:05:42.617Z] [unzip] Writing file: C:\Users\matth\.cache\firebase\emulators\ui-v1.14.0\client\mstile-150x150.png
[debug] [2025-05-20T21:05:42.619Z] [unzip] Entry: client/assets/ (compressed_size=0 bytes, uncompressed_size=0 bytes)
[debug] [2025-05-20T21:05:42.619Z] [unzip] Processing entry: client\assets\
[debug] [2025-05-20T21:05:42.619Z] [unzip] mkdir: C:\Users\matth\.cache\firebase\emulators\ui-v1.14.0\client\assets\
[debug] [2025-05-20T21:05:42.620Z] [unzip] Entry: client/assets/index-ClZTY_JS.js.map (compressed_size=2328270 bytes, uncompressed_size=9947004 bytes)
[debug] [2025-05-20T21:05:42.620Z] [unzip] Processing entry: client\assets\index-ClZTY_JS.js.map
[debug] [2025-05-20T21:05:42.620Z] [unzip] else mkdir: C:\Users\matth\.cache\firebase\emulators\ui-v1.14.0\client\assets
[debug] [2025-05-20T21:05:42.621Z] [unzip] deflating: C:\Users\matth\.cache\firebase\emulators\ui-v1.14.0\client\assets\index-ClZTY_JS.js.map
[debug] [2025-05-20T21:05:42.733Z] [unzip] Entry: client/assets/index-ClZTY_JS.js (compressed_size=567195 bytes, uncompressed_size=2035940 bytes)
[debug] [2025-05-20T21:05:42.733Z] [unzip] Processing entry: client\assets\index-ClZTY_JS.js
[debug] [2025-05-20T21:05:42.734Z] [unzip] else mkdir: C:\Users\matth\.cache\firebase\emulators\ui-v1.14.0\client\assets
[debug] [2025-05-20T21:05:42.734Z] [unzip] deflating: C:\Users\matth\.cache\firebase\emulators\ui-v1.14.0\client\assets\index-ClZTY_JS.js
[debug] [2025-05-20T21:05:42.754Z] [unzip] Entry: client/assets/index-BdgySamB.css (compressed_size=35979 bytes, uncompressed_size=298654 bytes)
[debug] [2025-05-20T21:05:42.754Z] [unzip] Processing entry: client\assets\index-BdgySamB.css
[debug] [2025-05-20T21:05:42.755Z] [unzip] else mkdir: C:\Users\matth\.cache\firebase\emulators\ui-v1.14.0\client\assets
[debug] [2025-05-20T21:05:42.755Z] [unzip] deflating: C:\Users\matth\.cache\firebase\emulators\ui-v1.14.0\client\assets\index-BdgySamB.css
[debug] [2025-05-20T21:05:42.762Z] [unzip] Entry: client/assets/extensions/ (compressed_size=0 bytes, uncompressed_size=0 bytes)
[debug] [2025-05-20T21:05:42.762Z] [unzip] Processing entry: client\assets\extensions\
[debug] [2025-05-20T21:05:42.763Z] [unzip] mkdir: C:\Users\matth\.cache\firebase\emulators\ui-v1.14.0\client\assets\extensions\
[debug] [2025-05-20T21:05:42.764Z] [unzip] Entry: client/assets/extensions/default-extension.png (compressed_size=1646 bytes, uncompressed_size=1657 bytes)
[debug] [2025-05-20T21:05:42.764Z] [unzip] Processing entry: client\assets\extensions\default-extension.png
[debug] [2025-05-20T21:05:42.764Z] [unzip] else mkdir: C:\Users\matth\.cache\firebase\emulators\ui-v1.14.0\client\assets\extensions
[debug] [2025-05-20T21:05:42.765Z] [unzip] deflating: C:\Users\matth\.cache\firebase\emulators\ui-v1.14.0\client\assets\extensions\default-extension.png
[debug] [2025-05-20T21:05:42.768Z] [unzip] Entry: client/assets/img/ (compressed_size=0 bytes, uncompressed_size=0 bytes)
[debug] [2025-05-20T21:05:42.768Z] [unzip] Processing entry: client\assets\img\
[debug] [2025-05-20T21:05:42.768Z] [unzip] mkdir: C:\Users\matth\.cache\firebase\emulators\ui-v1.14.0\client\assets\img\
[debug] [2025-05-20T21:05:42.769Z] [unzip] Entry: client/assets/img/database.png (compressed_size=29449 bytes, uncompressed_size=29988 bytes)
[debug] [2025-05-20T21:05:42.769Z] [unzip] Processing entry: client\assets\img\database.png
[debug] [2025-05-20T21:05:42.769Z] [unzip] else mkdir: C:\Users\matth\.cache\firebase\emulators\ui-v1.14.0\client\assets\img
[debug] [2025-05-20T21:05:42.770Z] [unzip] deflating: C:\Users\matth\.cache\firebase\emulators\ui-v1.14.0\client\assets\img\database.png
[debug] [2025-05-20T21:05:42.773Z] [unzip] Entry: client/assets/provider-icons/ (compressed_size=0 bytes, uncompressed_size=0 bytes)
[debug] [2025-05-20T21:05:42.773Z] [unzip] Processing entry: client\assets\provider-icons\
[debug] [2025-05-20T21:05:42.773Z] [unzip] mkdir: C:\Users\matth\.cache\firebase\emulators\ui-v1.14.0\client\assets\provider-icons\
[debug] [2025-05-20T21:05:42.774Z] [unzip] Entry: client/assets/provider-icons/auth_service_saml.svg (compressed_size=575 bytes, uncompressed_size=1226 bytes)
[debug] [2025-05-20T21:05:42.774Z] [unzip] Processing entry: client\assets\provider-icons\auth_service_saml.svg
[debug] [2025-05-20T21:05:42.774Z] [unzip] else mkdir: C:\Users\matth\.cache\firebase\emulators\ui-v1.14.0\client\assets\provider-icons
[debug] [2025-05-20T21:05:42.775Z] [unzip] deflating: C:\Users\matth\.cache\firebase\emulators\ui-v1.14.0\client\assets\provider-icons\auth_service_saml.svg
[debug] [2025-05-20T21:05:42.777Z] [unzip] Entry: client/assets/provider-icons/auth_service_phone.svg (compressed_size=261 bytes, uncompressed_size=414 bytes)
[debug] [2025-05-20T21:05:42.777Z] [unzip] Processing entry: client\assets\provider-icons\auth_service_phone.svg
[debug] [2025-05-20T21:05:42.777Z] [unzip] else mkdir: C:\Users\matth\.cache\firebase\emulators\ui-v1.14.0\client\assets\provider-icons
[debug] [2025-05-20T21:05:42.778Z] [unzip] deflating: C:\Users\matth\.cache\firebase\emulators\ui-v1.14.0\client\assets\provider-icons\auth_service_phone.svg
[debug] [2025-05-20T21:05:42.781Z] [unzip] Entry: client/assets/provider-icons/auth_service_facebook.svg (compressed_size=289 bytes, uncompressed_size=457 bytes)
[debug] [2025-05-20T21:05:42.781Z] [unzip] Processing entry: client\assets\provider-icons\auth_service_facebook.svg
[debug] [2025-05-20T21:05:42.781Z] [unzip] else mkdir: C:\Users\matth\.cache\firebase\emulators\ui-v1.14.0\client\assets\provider-icons
[debug] [2025-05-20T21:05:42.782Z] [unzip] deflating: C:\Users\matth\.cache\firebase\emulators\ui-v1.14.0\client\assets\provider-icons\auth_service_facebook.svg
[debug] [2025-05-20T21:05:42.784Z] [unzip] Entry: client/assets/provider-icons/auth_service_game_center.svg (compressed_size=991 bytes, uncompressed_size=3921 bytes)
[debug] [2025-05-20T21:05:42.784Z] [unzip] Processing entry: client\assets\provider-icons\auth_service_game_center.svg
[debug] [2025-05-20T21:05:42.785Z] [unzip] else mkdir: C:\Users\matth\.cache\firebase\emulators\ui-v1.14.0\client\assets\provider-icons
[debug] [2025-05-20T21:05:42.785Z] [unzip] deflating: C:\Users\matth\.cache\firebase\emulators\ui-v1.14.0\client\assets\provider-icons\auth_service_game_center.svg
[debug] [2025-05-20T21:05:42.787Z] [unzip] Entry: client/assets/provider-icons/auth_service_apple.svg (compressed_size=230 bytes, uncompressed_size=334 bytes)
[debug] [2025-05-20T21:05:42.788Z] [unzip] Processing entry: client\assets\provider-icons\auth_service_apple.svg
[debug] [2025-05-20T21:05:42.788Z] [unzip] else mkdir: C:\Users\matth\.cache\firebase\emulators\ui-v1.14.0\client\assets\provider-icons
[debug] [2025-05-20T21:05:42.789Z] [unzip] deflating: C:\Users\matth\.cache\firebase\emulators\ui-v1.14.0\client\assets\provider-icons\auth_service_apple.svg
[debug] [2025-05-20T21:05:42.790Z] [unzip] Entry: client/assets/provider-icons/auth_service_github.svg (compressed_size=466 bytes, uncompressed_size=838 bytes)
[debug] [2025-05-20T21:05:42.791Z] [unzip] Processing entry: client\assets\provider-icons\auth_service_github.svg
[debug] [2025-05-20T21:05:42.792Z] [unzip] else mkdir: C:\Users\matth\.cache\firebase\emulators\ui-v1.14.0\client\assets\provider-icons
[debug] [2025-05-20T21:05:42.793Z] [unzip] deflating: C:\Users\matth\.cache\firebase\emulators\ui-v1.14.0\client\assets\provider-icons\auth_service_github.svg
[debug] [2025-05-20T21:05:42.796Z] [unzip] Entry: client/assets/provider-icons/auth_service_mslive.svg (compressed_size=203 bytes, uncompressed_size=378 bytes)
[debug] [2025-05-20T21:05:42.797Z] [unzip] Processing entry: client\assets\provider-icons\auth_service_mslive.svg
[debug] [2025-05-20T21:05:42.797Z] [unzip] else mkdir: C:\Users\matth\.cache\firebase\emulators\ui-v1.14.0\client\assets\provider-icons
[debug] [2025-05-20T21:05:42.799Z] [unzip] deflating: C:\Users\matth\.cache\firebase\emulators\ui-v1.14.0\client\assets\provider-icons\auth_service_mslive.svg
[debug] [2025-05-20T21:05:42.803Z] [unzip] Entry: client/assets/provider-icons/auth_service_yahoo.svg (compressed_size=577 bytes, uncompressed_size=1182 bytes)
[debug] [2025-05-20T21:05:42.803Z] [unzip] Processing entry: client\assets\provider-icons\auth_service_yahoo.svg
[debug] [2025-05-20T21:05:42.805Z] [unzip] else mkdir: C:\Users\matth\.cache\firebase\emulators\ui-v1.14.0\client\assets\provider-icons
[debug] [2025-05-20T21:05:42.806Z] [unzip] deflating: C:\Users\matth\.cache\firebase\emulators\ui-v1.14.0\client\assets\provider-icons\auth_service_yahoo.svg
[debug] [2025-05-20T21:05:42.808Z] [unzip] Entry: client/assets/provider-icons/auth_service_twitter.svg (compressed_size=444 bytes, uncompressed_size=751 bytes)
[debug] [2025-05-20T21:05:42.808Z] [unzip] Processing entry: client\assets\provider-icons\auth_service_twitter.svg
[debug] [2025-05-20T21:05:42.808Z] [unzip] else mkdir: C:\Users\matth\.cache\firebase\emulators\ui-v1.14.0\client\assets\provider-icons
[debug] [2025-05-20T21:05:42.809Z] [unzip] deflating: C:\Users\matth\.cache\firebase\emulators\ui-v1.14.0\client\assets\provider-icons\auth_service_twitter.svg
[debug] [2025-05-20T21:05:42.811Z] [unzip] Entry: client/assets/provider-icons/auth_service_play_games.svg (compressed_size=565 bytes, uncompressed_size=1173 bytes)
[debug] [2025-05-20T21:05:42.811Z] [unzip] Processing entry: client\assets\provider-icons\auth_service_play_games.svg
[debug] [2025-05-20T21:05:42.811Z] [unzip] else mkdir: C:\Users\matth\.cache\firebase\emulators\ui-v1.14.0\client\assets\provider-icons
[debug] [2025-05-20T21:05:42.812Z] [unzip] deflating: C:\Users\matth\.cache\firebase\emulators\ui-v1.14.0\client\assets\provider-icons\auth_service_play_games.svg
[debug] [2025-05-20T21:05:42.814Z] [unzip] Entry: client/assets/provider-icons/auth_service_email.svg (compressed_size=228 bytes, uncompressed_size=326 bytes)
[debug] [2025-05-20T21:05:42.814Z] [unzip] Processing entry: client\assets\provider-icons\auth_service_email.svg
[debug] [2025-05-20T21:05:42.814Z] [unzip] else mkdir: C:\Users\matth\.cache\firebase\emulators\ui-v1.14.0\client\assets\provider-icons
[debug] [2025-05-20T21:05:42.815Z] [unzip] deflating: C:\Users\matth\.cache\firebase\emulators\ui-v1.14.0\client\assets\provider-icons\auth_service_email.svg
[debug] [2025-05-20T21:05:42.817Z] [unzip] Entry: client/assets/provider-icons/auth_service_google.svg (compressed_size=409 bytes, uncompressed_size=720 bytes)
[debug] [2025-05-20T21:05:42.817Z] [unzip] Processing entry: client\assets\provider-icons\auth_service_google.svg
[debug] [2025-05-20T21:05:42.817Z] [unzip] else mkdir: C:\Users\matth\.cache\firebase\emulators\ui-v1.14.0\client\assets\provider-icons
[debug] [2025-05-20T21:05:42.819Z] [unzip] deflating: C:\Users\matth\.cache\firebase\emulators\ui-v1.14.0\client\assets\provider-icons\auth_service_google.svg
[debug] [2025-05-20T21:05:42.823Z] [unzip] Entry: client/assets/provider-icons/auth_service_oidc.svg (compressed_size=414 bytes, uncompressed_size=858 bytes)
[debug] [2025-05-20T21:05:42.823Z] [unzip] Processing entry: client\assets\provider-icons\auth_service_oidc.svg
[debug] [2025-05-20T21:05:42.823Z] [unzip] else mkdir: C:\Users\matth\.cache\firebase\emulators\ui-v1.14.0\client\assets\provider-icons
[debug] [2025-05-20T21:05:42.824Z] [unzip] deflating: C:\Users\matth\.cache\firebase\emulators\ui-v1.14.0\client\assets\provider-icons\auth_service_oidc.svg
[debug] [2025-05-20T21:05:42.827Z] [unzip] Entry: client/browserconfig.xml (compressed_size=491 bytes, uncompressed_size=822 bytes)
[debug] [2025-05-20T21:05:42.827Z] [unzip] Processing entry: client\browserconfig.xml
[debug] [2025-05-20T21:05:42.827Z] [unzip] else mkdir: C:\Users\matth\.cache\firebase\emulators\ui-v1.14.0\client
[debug] [2025-05-20T21:05:42.828Z] [unzip] deflating: C:\Users\matth\.cache\firebase\emulators\ui-v1.14.0\client\browserconfig.xml
[debug] [2025-05-20T21:05:42.830Z] [unzip] Entry: client/favicon-32x32.png (compressed_size=475 bytes, uncompressed_size=475 bytes)
[debug] [2025-05-20T21:05:42.831Z] [unzip] Processing entry: client\favicon-32x32.png
[debug] [2025-05-20T21:05:42.831Z] [unzip] else mkdir: C:\Users\matth\.cache\firebase\emulators\ui-v1.14.0\client
[debug] [2025-05-20T21:05:42.831Z] [unzip] Writing file: C:\Users\matth\.cache\firebase\emulators\ui-v1.14.0\client\favicon-32x32.png
[debug] [2025-05-20T21:05:42.833Z] [unzip] Entry: server/ (compressed_size=0 bytes, uncompressed_size=0 bytes)
[debug] [2025-05-20T21:05:42.833Z] [unzip] Processing entry: server\
[debug] [2025-05-20T21:05:42.833Z] [unzip] mkdir: C:\Users\matth\.cache\firebase\emulators\ui-v1.14.0\server\
[debug] [2025-05-20T21:05:42.834Z] [unzip] Entry: server/server.mjs.map (compressed_size=296496 bytes, uncompressed_size=1355667 bytes)
[debug] [2025-05-20T21:05:42.834Z] [unzip] Processing entry: server\server.mjs.map
[debug] [2025-05-20T21:05:42.834Z] [unzip] else mkdir: C:\Users\matth\.cache\firebase\emulators\ui-v1.14.0\server
[debug] [2025-05-20T21:05:42.835Z] [unzip] deflating: C:\Users\matth\.cache\firebase\emulators\ui-v1.14.0\server\server.mjs.map
[debug] [2025-05-20T21:05:42.848Z] [unzip] Entry: server/server.mjs (compressed_size=315701 bytes, uncompressed_size=1172682 bytes)
[debug] [2025-05-20T21:05:42.848Z] [unzip] Processing entry: server\server.mjs
[debug] [2025-05-20T21:05:42.848Z] [unzip] else mkdir: C:\Users\matth\.cache\firebase\emulators\ui-v1.14.0\server
[debug] [2025-05-20T21:05:42.849Z] [unzip] deflating: C:\Users\matth\.cache\firebase\emulators\ui-v1.14.0\server\server.mjs
[debug] [2025-05-20T21:05:42.863Z] [unzip] Entry: server/assets/ (compressed_size=0 bytes, uncompressed_size=0 bytes)
[debug] [2025-05-20T21:05:42.863Z] [unzip] Processing entry: server\assets\
[debug] [2025-05-20T21:05:42.863Z] [unzip] mkdir: C:\Users\matth\.cache\firebase\emulators\ui-v1.14.0\server\assets\
[debug] [2025-05-20T21:05:42.864Z] [unzip] Entry: server/assets/multipart-parser-DGCUZdXu.mjs.map (compressed_size=4791 bytes, uncompressed_size=17918 bytes)
[debug] [2025-05-20T21:05:42.864Z] [unzip] Processing entry: server\assets\multipart-parser-DGCUZdXu.mjs.map
[debug] [2025-05-20T21:05:42.864Z] [unzip] else mkdir: C:\Users\matth\.cache\firebase\emulators\ui-v1.14.0\server\assets
[debug] [2025-05-20T21:05:42.865Z] [unzip] deflating: C:\Users\matth\.cache\firebase\emulators\ui-v1.14.0\server\assets\multipart-parser-DGCUZdXu.mjs.map
[debug] [2025-05-20T21:05:42.868Z] [unzip] Entry: server/assets/multipart-parser-DGCUZdXu.mjs (compressed_size=2621 bytes, uncompressed_size=10390 bytes)
[debug] [2025-05-20T21:05:42.868Z] [unzip] Processing entry: server\assets\multipart-parser-DGCUZdXu.mjs
[debug] [2025-05-20T21:05:42.868Z] [unzip] else mkdir: C:\Users\matth\.cache\firebase\emulators\ui-v1.14.0\server\assets
[debug] [2025-05-20T21:05:42.869Z] [unzip] deflating: C:\Users\matth\.cache\firebase\emulators\ui-v1.14.0\server\assets\multipart-parser-DGCUZdXu.mjs
[debug] [2025-05-20T21:05:42.879Z] [Extensions] Connecting Extensions emulator, this is a noop.
[info] i  functions: Watching "C:\Users\matth\amazon-clone\functions" for Cloud Functions... {"metadata":{"emulator":{"name":"functions"},"message":"Watching \"C:\\Users\\matth\\amazon-clone\\functions\" for Cloud Functions..."}}
[debug] [2025-05-20T21:05:42.898Z] Validating nodejs source
[debug] [2025-05-20T21:05:48.674Z] > [functions] package.json contents: {
  "name": "functions",
  "description": "Cloud Functions for Firebase",
  "scripts": {
    "lint": "eslint .",
    "serve": "firebase emulators:start --only functions",
    "shell": "firebase functions:shell",
    "start": "npm run shell",
    "deploy": "firebase deploy --only functions",
    "logs": "firebase functions:log"
  },
  "engines": {
    "node": "22"
  },
  "main": "index.js",
  "dependencies": {
    "axios": "^1.9.0",
    "cors": "^2.8.5",
    "express": "^5.1.0",
    "firebase-admin": "^12.6.0",
    "firebase-functions": "^6.0.1",
    "stripe": "^18.1.1"
  },
  "devDependencies": {
    "eslint": "^8.15.0",
    "eslint-config-google": "^0.14.0",
    "firebase-functions-test": "^3.1.0"
  },
  "private": true
}
[debug] [2025-05-20T21:05:48.675Z] Building nodejs source
[debug] [2025-05-20T21:05:48.676Z] Failed to find version of module node: reached end of search path C:\Users\matth\amazon-clone\functions\node_modules
[warn] !  functions: Your requested "node" version "22" doesn't match your global version "23". Using node@23 from host. 
[debug] [2025-05-20T21:05:48.683Z] Could not find functions.yaml. Must use http discovery
[debug] [2025-05-20T21:05:48.707Z] Found firebase-functions binary at 'C:\Users\matth\amazon-clone\functions\node_modules\.bin\firebase-functions'
[info] Serving at port 8200

[debug] [2025-05-20T21:05:52.651Z] Got response from /__/functions.yaml {"endpoints":{"api":{"availableMemoryMb":null,"timeoutSeconds":null,"minInstances":null,"maxInstances":null,"ingressSettings":null,"concurrency":null,"serviceAccountEmail":null,"vpc":null,"platform":"gcfv2","labels":{},"httpsTrigger":{},"entryPoint":"api"}},"specVersion":"v1alpha1","requiredAPIs":[],"extensions":{}}
[debug] [2025-05-20T21:05:56.769Z] defaultcredentials: writing to file C:\Users\matth\AppData\Roaming\firebase\matthewkiwalabye_gmail_com_application_default_credentials.json
[debug] [2025-05-20T21:05:56.770Z] Setting GAC to C:\Users\matth\AppData\Roaming\firebase\matthewkiwalabye_gmail_com_application_default_credentials.json {"metadata":{"emulator":{"name":"functions"},"message":"Setting GAC to C:\\Users\\matth\\AppData\\Roaming\\firebase\\matthewkiwalabye_gmail_com_application_default_credentials.json"}}
[info] +  functions: Loaded functions definitions from source: api. {"metadata":{"emulator":{"name":"functions"},"message":"Loaded functions definitions from source: api."}}
[info] +  functions[us-central1-api]: http function initialized (http://127.0.0.1:5001/clone-45a15/us-central1/api). {"metadata":{"emulator":{"name":"functions"},"message":"\u001b[1mhttp\u001b[22m function initialized (http://127.0.0.1:5001/clone-45a15/us-central1/api)."}}
[debug] [2025-05-20T21:05:56.790Z] Could not find VSCode notification endpoint: FetchError: request to http://localhost:40001/vscode/notify failed, reason: . If you are not running the Firebase Data Connect VSCode extension, this is expected and not an issue.
[info] 
┌─────────────────────────────────────────────────────────────┐
│ ✔  All emulators ready! It is now safe to connect your app. │
│ i  View Emulator UI at http://127.0.0.1:4000/               │
└─────────────────────────────────────────────────────────────┘

┌────────────┬────────────────┬──────────────────────────────────┐
│ Emulator   │ Host:Port      │ View in Emulator UI              │
├────────────┼────────────────┼──────────────────────────────────┤
│ Functions  │ 127.0.0.1:5001 │ http://127.0.0.1:4000/functions  │
├────────────┼────────────────┼──────────────────────────────────┤
│ Extensions │ 127.0.0.1:5001 │ http://127.0.0.1:4000/extensions │
└────────────┴────────────────┴──────────────────────────────────┘
  Emulator Hub host: 127.0.0.1 port: 4400
  Other reserved ports: 4500
┌─────────────────────────┬───────────────┬─────────────────────┐
│ Extension Instance Name │ Extension Ref │ View in Emulator UI │
└─────────────────────────┴───────────────┴─────────────────────┘
Issues? Report them at https://github.com/firebase/firebase-tools/issues and attach the *-debug.log files.
 
[debug] [2025-05-20T21:08:53.960Z] [work-queue] {"queuedWork":["/clone-45a15/us-central1/api-2025-05-20T21:08:53.960Z"],"queueLength":1,"runningWork":[],"workRunningCount":0}
[debug] [2025-05-20T21:08:53.961Z] [work-queue] {"queuedWork":[],"queueLength":0,"runningWork":["/clone-45a15/us-central1/api-2025-05-20T21:08:53.960Z"],"workRunningCount":1}
[debug] [2025-05-20T21:08:53.961Z] Accepted request GET /clone-45a15/us-central1/api --> us-central1-api
[debug] [2025-05-20T21:08:53.968Z] [functions] Runtime ready! Sending request! {"metadata":{"emulator":{"name":"functions"},"message":"[functions] Runtime ready! Sending request!"}}
[debug] [2025-05-20T21:08:53.970Z] [functions] Got req.url=/clone-45a15/us-central1/api, mapping to path=/ {"metadata":{"emulator":{"name":"functions"},"message":"[functions] Got req.url=/clone-45a15/us-central1/api, mapping to path=/"}}
[debug] [2025-05-20T21:08:54.003Z] [worker-pool] addWorker(us-central1-api) {"metadata":{"emulator":{"name":"functions"},"message":"[worker-pool] addWorker(us-central1-api)"}}
[debug] [2025-05-20T21:08:54.004Z] [worker-pool] Adding worker with key us-central1-api, total=1 {"metadata":{"emulator":{"name":"functions"},"message":"[worker-pool] Adding worker with key us-central1-api, total=1"}}
[debug] [2025-05-20T21:09:01.136Z] [runtime-status] [11076] Resolved module firebase-admin {"declared":true,"installed":true,"version":"12.7.0","resolution":"C:\\Users\\matth\\amazon-clone\\functions\\node_modules\\firebase-admin\\lib\\index.js"} {"metadata":{"emulator":{"name":"functions"},"function":{"name":"us-central1-api"},"extension":{},"message":"[runtime-status] [11076] Resolved module firebase-admin {\"declared\":true,\"installed\":true,\"version\":\"12.7.0\",\"resolution\":\"C:\\\\Users\\\\matth\\\\amazon-clone\\\\functions\\\\node_modules\\\\firebase-admin\\\\lib\\\\index.js\"}"}}
[debug] [2025-05-20T21:09:01.142Z] [runtime-status] [11076] Resolved module firebase-functions {"declared":true,"installed":true,"version":"6.3.2","resolution":"C:\\Users\\matth\\amazon-clone\\functions\\node_modules\\firebase-functions\\lib\\v2\\index.js"} {"metadata":{"emulator":{"name":"functions"},"function":{"name":"us-central1-api"},"extension":{},"message":"[runtime-status] [11076] Resolved module firebase-functions {\"declared\":true,\"installed\":true,\"version\":\"6.3.2\",\"resolution\":\"C:\\\\Users\\\\matth\\\\amazon-clone\\\\functions\\\\node_modules\\\\firebase-functions\\\\lib\\\\v2\\\\index.js\"}"}}
[debug] [2025-05-20T21:09:01.143Z] [runtime-status] [11076] Outgoing network have been stubbed. [{"name":"http","status":"mocked"},{"name":"http","status":"mocked"},{"name":"https","status":"mocked"},{"name":"https","status":"mocked"},{"name":"net","status":"mocked"}] {"metadata":{"emulator":{"name":"functions"},"function":{"name":"us-central1-api"},"extension":{},"message":"[runtime-status] [11076] Outgoing network have been stubbed. [{\"name\":\"http\",\"status\":\"mocked\"},{\"name\":\"http\",\"status\":\"mocked\"},{\"name\":\"https\",\"status\":\"mocked\"},{\"name\":\"https\",\"status\":\"mocked\"},{\"name\":\"net\",\"status\":\"mocked\"}]"}}
[debug] [2025-05-20T21:09:01.146Z] [runtime-status] [11076] Resolved module firebase-functions {"declared":true,"installed":true,"version":"6.3.2","resolution":"C:\\Users\\matth\\amazon-clone\\functions\\node_modules\\firebase-functions\\lib\\v2\\index.js"} {"metadata":{"emulator":{"name":"functions"},"function":{"name":"us-central1-api"},"extension":{},"message":"[runtime-status] [11076] Resolved module firebase-functions {\"declared\":true,\"installed\":true,\"version\":\"6.3.2\",\"resolution\":\"C:\\\\Users\\\\matth\\\\amazon-clone\\\\functions\\\\node_modules\\\\firebase-functions\\\\lib\\\\v2\\\\index.js\"}"}}
[debug] [2025-05-20T21:09:02.417Z] [runtime-status] [11076] Checked functions.config() {"config":{}} {"metadata":{"emulator":{"name":"functions"},"function":{"name":"us-central1-api"},"extension":{},"message":"[runtime-status] [11076] Checked functions.config() {\"config\":{}}"}}
[debug] [2025-05-20T21:09:02.418Z] [runtime-status] [11076] firebase-functions has been stubbed. {"functionsResolution":{"declared":true,"installed":true,"version":"6.3.2","resolution":"C:\\Users\\matth\\amazon-clone\\functions\\node_modules\\firebase-functions\\lib\\v2\\index.js"}} {"metadata":{"emulator":{"name":"functions"},"function":{"name":"us-central1-api"},"extension":{},"message":"[runtime-status] [11076] firebase-functions has been stubbed. {\"functionsResolution\":{\"declared\":true,\"installed\":true,\"version\":\"6.3.2\",\"resolution\":\"C:\\\\Users\\\\matth\\\\amazon-clone\\\\functions\\\\node_modules\\\\firebase-functions\\\\lib\\\\v2\\\\index.js\"}}"}}
[debug] [2025-05-20T21:09:02.420Z] [runtime-status] [11076] Resolved module firebase-functions {"declared":true,"installed":true,"version":"6.3.2","resolution":"C:\\Users\\matth\\amazon-clone\\functions\\node_modules\\firebase-functions\\lib\\v2\\index.js"} {"metadata":{"emulator":{"name":"functions"},"function":{"name":"us-central1-api"},"extension":{},"message":"[runtime-status] [11076] Resolved module firebase-functions {\"declared\":true,\"installed\":true,\"version\":\"6.3.2\",\"resolution\":\"C:\\\\Users\\\\matth\\\\amazon-clone\\\\functions\\\\node_modules\\\\firebase-functions\\\\lib\\\\v2\\\\index.js\"}"}}
[debug] [2025-05-20T21:09:02.435Z] [runtime-status] [11076] Resolved module firebase-admin {"declared":true,"installed":true,"version":"12.7.0","resolution":"C:\\Users\\matth\\amazon-clone\\functions\\node_modules\\firebase-admin\\lib\\index.js"} {"metadata":{"emulator":{"name":"functions"},"function":{"name":"us-central1-api"},"extension":{},"message":"[runtime-status] [11076] Resolved module firebase-admin {\"declared\":true,\"installed\":true,\"version\":\"12.7.0\",\"resolution\":\"C:\\\\Users\\\\matth\\\\amazon-clone\\\\functions\\\\node_modules\\\\firebase-admin\\\\lib\\\\index.js\"}"}}
[debug] [2025-05-20T21:09:02.446Z] [runtime-status] [11076] Resolved module firebase-functions {"declared":true,"installed":true,"version":"6.3.2","resolution":"C:\\Users\\matth\\amazon-clone\\functions\\node_modules\\firebase-functions\\lib\\v2\\index.js"} {"metadata":{"emulator":{"name":"functions"},"function":{"name":"us-central1-api"},"extension":{},"message":"[runtime-status] [11076] Resolved module firebase-functions {\"declared\":true,\"installed\":true,\"version\":\"6.3.2\",\"resolution\":\"C:\\\\Users\\\\matth\\\\amazon-clone\\\\functions\\\\node_modules\\\\firebase-functions\\\\lib\\\\v2\\\\index.js\"}"}}
[debug] [2025-05-20T21:09:02.448Z] [runtime-status] [11076] firebase-admin has been stubbed. {"adminResolution":{"declared":true,"installed":true,"version":"12.7.0","resolution":"C:\\Users\\matth\\amazon-clone\\functions\\node_modules\\firebase-admin\\lib\\index.js"}} {"metadata":{"emulator":{"name":"functions"},"function":{"name":"us-central1-api"},"extension":{},"message":"[runtime-status] [11076] firebase-admin has been stubbed. {\"adminResolution\":{\"declared\":true,\"installed\":true,\"version\":\"12.7.0\",\"resolution\":\"C:\\\\Users\\\\matth\\\\amazon-clone\\\\functions\\\\node_modules\\\\firebase-admin\\\\lib\\\\index.js\"}}"}}
[debug] [2025-05-20T21:09:03.157Z] [runtime-status] [11076] Functions runtime initialized. {"cwd":"C:\\Users\\matth\\amazon-clone\\functions","node_version":"23.10.0"} {"metadata":{"emulator":{"name":"functions"},"function":{"name":"us-central1-api"},"extension":{},"message":"[runtime-status] [11076] Functions runtime initialized. {\"cwd\":\"C:\\\\Users\\\\matth\\\\amazon-clone\\\\functions\",\"node_version\":\"23.10.0\"}"}}
[debug] [2025-05-20T21:09:03.158Z] [runtime-status] [11076] Listening to port: \\?\pipe\fire_emu_292990a20e98af5f {"metadata":{"emulator":{"name":"functions"},"function":{"name":"us-central1-api"},"extension":{},"message":"[runtime-status] [11076] Listening to port: \\\\?\\pipe\\fire_emu_292990a20e98af5f"}}
[debug] [2025-05-20T21:09:03.226Z] [worker-us-central1-api-95ea00b3-a0ca-41dd-9fd7-8cb16b508c59]: IDLE {"metadata":{"emulator":{"name":"functions"},"function":{"name":"us-central1-api"},"extension":{},"message":"[worker-us-central1-api-95ea00b3-a0ca-41dd-9fd7-8cb16b508c59]: IDLE"}}
[debug] [2025-05-20T21:09:03.227Z] [worker-pool] submitRequest(triggerId=us-central1-api) {"metadata":{"emulator":{"name":"functions"},"message":"[worker-pool] submitRequest(triggerId=us-central1-api)"}}
[info] i  functions: Beginning execution of "us-central1-api" {"metadata":{"emulator":{"name":"functions"},"function":{"name":"us-central1-api"},"extension":{},"message":"Beginning execution of \"us-central1-api\""}}
[debug] [2025-05-20T21:09:03.232Z] [worker-us-central1-api-95ea00b3-a0ca-41dd-9fd7-8cb16b508c59]: BUSY {"metadata":{"emulator":{"name":"functions"},"function":{"name":"us-central1-api"},"extension":{},"message":"[worker-us-central1-api-95ea00b3-a0ca-41dd-9fd7-8cb16b508c59]: BUSY"}}
[debug] [2025-05-20T21:09:03.253Z] Finishing up request with event=pause {"metadata":{"emulator":{"name":"functions"},"function":{"name":"us-central1-api"},"extension":{},"message":"Finishing up request with event=pause"}}
[info] i  functions: Finished "us-central1-api" in 21.7076ms {"metadata":{"emulator":{"name":"functions"},"function":{"name":"us-central1-api"},"extension":{},"message":"Finished \"us-central1-api\" in 21.7076ms"}}
[debug] [2025-05-20T21:09:03.399Z] [worker-us-central1-api-95ea00b3-a0ca-41dd-9fd7-8cb16b508c59]: IDLE {"metadata":{"emulator":{"name":"functions"},"function":{"name":"us-central1-api"},"extension":{},"message":"[worker-us-central1-api-95ea00b3-a0ca-41dd-9fd7-8cb16b508c59]: IDLE"}}
[debug] [2025-05-20T21:09:03.400Z] Finishing up request with event=finish {"metadata":{"emulator":{"name":"functions"},"function":{"name":"us-central1-api"},"extension":{},"message":"Finishing up request with event=finish"}}
[debug] [2025-05-20T21:09:03.400Z] Finishing up request with event=close {"metadata":{"emulator":{"name":"functions"},"function":{"name":"us-central1-api"},"extension":{},"message":"Finishing up request with event=close"}}
[debug] [2025-05-20T21:09:03.400Z] [work-queue] {"queuedWork":[],"queueLength":0,"runningWork":[],"workRunningCount":0}
[debug] [2025-05-20T21:09:03.402Z] Functions emulator received unknown request at path /favicon.ico
[debug] [2025-05-23T12:24:49.381Z] ----------------------------------------------------------------------
[debug] [2025-05-23T12:24:49.387Z] Command:       C:\Program Files\nodejs\node.exe C:\Users\matth\AppData\Roaming\npm\node_modules\firebase-tools\lib\bin\firebase.js emulators:start --only functions
[debug] [2025-05-23T12:24:49.388Z] CLI Version:   14.2.1
[debug] [2025-05-23T12:24:49.389Z] Platform:      win32
[debug] [2025-05-23T12:24:49.389Z] Node Version:  v23.10.0
[debug] [2025-05-23T12:24:49.390Z] Time:          Fri May 23 2025 14:24:49 GMT+0200 (South Africa Standard Time)
[debug] [2025-05-23T12:24:49.390Z] ----------------------------------------------------------------------
[debug] 
[debug] [2025-05-23T12:24:49.398Z] >>> [apiv2][query] GET https://firebase-public.firebaseio.com/cli.json [none]
[debug] [2025-05-23T12:24:50.139Z] > command requires scopes: ["email","openid","https://www.googleapis.com/auth/cloudplatformprojects.readonly","https://www.googleapis.com/auth/firebase","https://www.googleapis.com/auth/cloud-platform"]
[debug] [2025-05-23T12:24:50.139Z] > authorizing via signed-in user (matthewkiwalabye@gmail.com)
[info] i  emulators: Starting emulators: functions {"metadata":{"emulator":{"name":"hub"},"message":"Starting emulators: functions"}}
[debug] [2025-05-23T12:24:50.182Z] [logging] Logging Emulator only supports listening on one address (127.0.0.1). Not listening on ::1
[debug] [2025-05-23T12:24:50.183Z] assigned listening specs for emulators {"user":{"hub":[{"address":"127.0.0.1","family":"IPv4","port":4400},{"address":"::1","family":"IPv6","port":4400}],"ui":[{"address":"127.0.0.1","family":"IPv4","port":4000},{"address":"::1","family":"IPv6","port":4000}],"logging":[{"address":"127.0.0.1","family":"IPv4","port":4500}]},"metadata":{"message":"assigned listening specs for emulators"}}
[warn] !  emulators: It seems that you are running multiple instances of the emulator suite for project clone-45a15. This may result in unexpected behavior. 
[debug] [2025-05-23T12:24:50.209Z] [hub] writing locator at C:\Users\matth\AppData\Local\Temp\hub-clone-45a15.json
[debug] [2025-05-23T12:24:50.294Z] [functions] Functions Emulator only supports listening on one address (127.0.0.1). Not listening on ::1
[debug] [2025-05-23T12:24:50.295Z] [eventarc] Eventarc Emulator only supports listening on one address (127.0.0.1). Not listening on ::1
[debug] [2025-05-23T12:24:50.295Z] [tasks] Cloud Tasks Emulator only supports listening on one address (127.0.0.1). Not listening on ::1
[debug] [2025-05-23T12:24:50.295Z] late-assigned ports for functions and eventarc emulators {"user":{"hub":[{"address":"127.0.0.1","family":"IPv4","port":4400},{"address":"::1","family":"IPv6","port":4400}],"ui":[{"address":"127.0.0.1","family":"IPv4","port":4000},{"address":"::1","family":"IPv6","port":4000}],"logging":[{"address":"127.0.0.1","family":"IPv4","port":4500}],"functions":[{"address":"127.0.0.1","family":"IPv4","port":5001}],"eventarc":[{"address":"127.0.0.1","family":"IPv4","port":9299}],"tasks":[{"address":"127.0.0.1","family":"IPv4","port":9499}]},"metadata":{"message":"late-assigned ports for functions and eventarc emulators"}}
[warn] !  functions: The following emulators are not running, calls to these services from the Functions emulator will affect production: apphosting, auth, firestore, database, hosting, pubsub, storage, dataconnect {"metadata":{"emulator":{"name":"functions"},"message":"The following emulators are not running, calls to these services from the Functions emulator will affect production: \u001b[1mapphosting, auth, firestore, database, hosting, pubsub, storage, dataconnect\u001b[22m"}}
[debug] [2025-05-23T12:24:50.445Z] defaultcredentials: writing to file C:\Users\matth\AppData\Roaming\firebase\matthewkiwalabye_gmail_com_application_default_credentials.json
[debug] [2025-05-23T12:24:50.449Z] Setting GAC to C:\Users\matth\AppData\Roaming\firebase\matthewkiwalabye_gmail_com_application_default_credentials.json {"metadata":{"emulator":{"name":"functions"},"message":"Setting GAC to C:\\Users\\matth\\AppData\\Roaming\\firebase\\matthewkiwalabye_gmail_com_application_default_credentials.json"}}
[debug] [2025-05-23T12:24:50.451Z] Checked if tokens are valid: false, expires at: 1747778722739
[debug] [2025-05-23T12:24:50.452Z] Checked if tokens are valid: false, expires at: 1747778722739
[debug] [2025-05-23T12:24:50.452Z] > refreshing access token with scopes: []
[debug] [2025-05-23T12:24:50.454Z] >>> [apiv2][query] POST https://www.googleapis.com/oauth2/v3/token [none]
[debug] [2025-05-23T12:24:50.454Z] >>> [apiv2][body] POST https://www.googleapis.com/oauth2/v3/token [omitted]
[debug] [2025-05-23T12:24:51.804Z] <<< [apiv2][status] GET https://firebase-public.firebaseio.com/cli.json 200
[debug] [2025-05-23T12:24:51.804Z] <<< [apiv2][body] GET https://firebase-public.firebaseio.com/cli.json {"cloudBuildErrorAfter":1594252800000,"cloudBuildWarnAfter":1590019200000,"defaultNode10After":1594252800000,"minVersion":"3.0.5","node8DeploysDisabledAfter":1613390400000,"node8RuntimeDisabledAfter":1615809600000,"node8WarnAfter":1600128000000}
[debug] [2025-05-23T12:24:53.548Z] <<< [apiv2][status] POST https://www.googleapis.com/oauth2/v3/token 200
[debug] [2025-05-23T12:24:53.548Z] <<< [apiv2][body] POST https://www.googleapis.com/oauth2/v3/token [omitted]
[debug] [2025-05-23T12:24:53.574Z] >>> [apiv2][query] GET https://firebase.googleapis.com/v1beta1/projects/clone-45a15/adminSdkConfig [none]
[debug] [2025-05-23T12:24:54.844Z] <<< [apiv2][status] GET https://firebase.googleapis.com/v1beta1/projects/clone-45a15/adminSdkConfig 200
[debug] [2025-05-23T12:24:54.845Z] <<< [apiv2][body] GET https://firebase.googleapis.com/v1beta1/projects/clone-45a15/adminSdkConfig {"projectId":"clone-45a15","storageBucket":"clone-45a15.firebasestorage.app"}
[info] i  functions: Watching "C:\Users\matth\amazon-clone\functions" for Cloud Functions... {"metadata":{"emulator":{"name":"functions"},"message":"Watching \"C:\\Users\\matth\\amazon-clone\\functions\" for Cloud Functions..."}}
[debug] [2025-05-23T12:24:55.010Z] Validating nodejs source
[debug] [2025-05-23T12:24:58.320Z] > [functions] package.json contents: {
  "name": "functions",
  "description": "Cloud Functions for Firebase",
  "scripts": {
    "lint": "eslint .",
    "serve": "firebase emulators:start --only functions",
    "shell": "firebase functions:shell",
    "start": "npm run shell",
    "deploy": "firebase deploy --only functions",
    "logs": "firebase functions:log"
  },
  "engines": {
    "node": "22"
  },
  "main": "index.js",
  "dependencies": {
    "axios": "^1.9.0",
    "cors": "^2.8.5",
    "express": "^5.1.0",
    "firebase-admin": "^12.6.0",
    "firebase-functions": "^6.0.1",
    "stripe": "^18.1.1"
  },
  "devDependencies": {
    "eslint": "^8.15.0",
    "eslint-config-google": "^0.14.0",
    "firebase-functions-test": "^3.1.0"
  },
  "private": true
}
[debug] [2025-05-23T12:24:58.321Z] Building nodejs source
[debug] [2025-05-23T12:24:58.322Z] Failed to find version of module node: reached end of search path C:\Users\matth\amazon-clone\functions\node_modules
[warn] !  functions: Your requested "node" version "22" doesn't match your global version "23". Using node@23 from host. 
[debug] [2025-05-23T12:24:58.329Z] Could not find functions.yaml. Must use http discovery
[debug] [2025-05-23T12:24:58.362Z] Found firebase-functions binary at 'C:\Users\matth\amazon-clone\functions\node_modules\.bin\firebase-functions'
[info] Serving at port 8409

[debug] [2025-05-23T12:25:03.008Z] Got response from /__/functions.yaml {"endpoints":{"api":{"availableMemoryMb":null,"timeoutSeconds":null,"minInstances":null,"maxInstances":null,"ingressSettings":null,"concurrency":null,"serviceAccountEmail":null,"vpc":null,"platform":"gcfv2","labels":{},"httpsTrigger":{},"entryPoint":"api"}},"specVersion":"v1alpha1","requiredAPIs":[],"extensions":{}}
[info] +  functions: Loaded functions definitions from source: api. {"metadata":{"emulator":{"name":"functions"},"message":"Loaded functions definitions from source: api."}}
[info] +  functions[us-central1-api]: http function initialized (http://127.0.0.1:5001/clone-45a15/us-central1/api). {"metadata":{"emulator":{"name":"functions"},"message":"\u001b[1mhttp\u001b[22m function initialized (http://127.0.0.1:5001/clone-45a15/us-central1/api)."}}
[debug] [2025-05-23T12:25:07.123Z] Could not find VSCode notification endpoint: FetchError: request to http://localhost:40001/vscode/notify failed, reason: . If you are not running the Firebase Data Connect VSCode extension, this is expected and not an issue.
[info] 
┌─────────────────────────────────────────────────────────────┐
│ ✔  All emulators ready! It is now safe to connect your app. │
│ i  View Emulator UI at http://127.0.0.1:4000/               │
└─────────────────────────────────────────────────────────────┘

┌───────────┬────────────────┬─────────────────────────────────┐
│ Emulator  │ Host:Port      │ View in Emulator UI             │
├───────────┼────────────────┼─────────────────────────────────┤
│ Functions │ 127.0.0.1:5001 │ http://127.0.0.1:4000/functions │
└───────────┴────────────────┴─────────────────────────────────┘
  Emulator Hub host: 127.0.0.1 port: 4400
  Other reserved ports: 4500

Issues? Report them at https://github.com/firebase/firebase-tools/issues and attach the *-debug.log files.
 
[debug] [2025-05-23T12:26:49.392Z] [work-queue] {"queuedWork":["/clone-45a15/us-central1/api-2025-05-23T12:26:49.391Z"],"queueLength":1,"runningWork":[],"workRunningCount":0}
[debug] [2025-05-23T12:26:49.394Z] [work-queue] {"queuedWork":[],"queueLength":0,"runningWork":["/clone-45a15/us-central1/api-2025-05-23T12:26:49.391Z"],"workRunningCount":1}
[debug] [2025-05-23T12:26:49.396Z] Accepted request GET /clone-45a15/us-central1/api --> us-central1-api
[debug] [2025-05-23T12:26:49.416Z] [functions] Runtime ready! Sending request! {"metadata":{"emulator":{"name":"functions"},"message":"[functions] Runtime ready! Sending request!"}}
[debug] [2025-05-23T12:26:49.423Z] [functions] Got req.url=/clone-45a15/us-central1/api, mapping to path=/ {"metadata":{"emulator":{"name":"functions"},"message":"[functions] Got req.url=/clone-45a15/us-central1/api, mapping to path=/"}}
[debug] [2025-05-23T12:26:49.505Z] [worker-pool] addWorker(us-central1-api) {"metadata":{"emulator":{"name":"functions"},"message":"[worker-pool] addWorker(us-central1-api)"}}
[debug] [2025-05-23T12:26:49.522Z] [worker-pool] Adding worker with key us-central1-api, total=1 {"metadata":{"emulator":{"name":"functions"},"message":"[worker-pool] Adding worker with key us-central1-api, total=1"}}
[debug] [2025-05-23T12:26:56.984Z] [runtime-status] [12752] Resolved module firebase-admin {"declared":true,"installed":true,"version":"12.7.0","resolution":"C:\\Users\\matth\\amazon-clone\\functions\\node_modules\\firebase-admin\\lib\\index.js"} {"metadata":{"emulator":{"name":"functions"},"function":{"name":"us-central1-api"},"extension":{},"message":"[runtime-status] [12752] Resolved module firebase-admin {\"declared\":true,\"installed\":true,\"version\":\"12.7.0\",\"resolution\":\"C:\\\\Users\\\\matth\\\\amazon-clone\\\\functions\\\\node_modules\\\\firebase-admin\\\\lib\\\\index.js\"}"}}
[debug] [2025-05-23T12:26:56.989Z] [runtime-status] [12752] Resolved module firebase-functions {"declared":true,"installed":true,"version":"6.3.2","resolution":"C:\\Users\\matth\\amazon-clone\\functions\\node_modules\\firebase-functions\\lib\\v2\\index.js"} {"metadata":{"emulator":{"name":"functions"},"function":{"name":"us-central1-api"},"extension":{},"message":"[runtime-status] [12752] Resolved module firebase-functions {\"declared\":true,\"installed\":true,\"version\":\"6.3.2\",\"resolution\":\"C:\\\\Users\\\\matth\\\\amazon-clone\\\\functions\\\\node_modules\\\\firebase-functions\\\\lib\\\\v2\\\\index.js\"}"}}
[debug] [2025-05-23T12:26:56.993Z] [runtime-status] [12752] Outgoing network have been stubbed. [{"name":"http","status":"mocked"},{"name":"http","status":"mocked"},{"name":"https","status":"mocked"},{"name":"https","status":"mocked"},{"name":"net","status":"mocked"}] {"metadata":{"emulator":{"name":"functions"},"function":{"name":"us-central1-api"},"extension":{},"message":"[runtime-status] [12752] Outgoing network have been stubbed. [{\"name\":\"http\",\"status\":\"mocked\"},{\"name\":\"http\",\"status\":\"mocked\"},{\"name\":\"https\",\"status\":\"mocked\"},{\"name\":\"https\",\"status\":\"mocked\"},{\"name\":\"net\",\"status\":\"mocked\"}]"}}
[debug] [2025-05-23T12:26:56.997Z] [runtime-status] [12752] Resolved module firebase-functions {"declared":true,"installed":true,"version":"6.3.2","resolution":"C:\\Users\\matth\\amazon-clone\\functions\\node_modules\\firebase-functions\\lib\\v2\\index.js"} {"metadata":{"emulator":{"name":"functions"},"function":{"name":"us-central1-api"},"extension":{},"message":"[runtime-status] [12752] Resolved module firebase-functions {\"declared\":true,\"installed\":true,\"version\":\"6.3.2\",\"resolution\":\"C:\\\\Users\\\\matth\\\\amazon-clone\\\\functions\\\\node_modules\\\\firebase-functions\\\\lib\\\\v2\\\\index.js\"}"}}
[debug] [2025-05-23T12:26:58.473Z] [runtime-status] [12752] Checked functions.config() {"config":{}} {"metadata":{"emulator":{"name":"functions"},"function":{"name":"us-central1-api"},"extension":{},"message":"[runtime-status] [12752] Checked functions.config() {\"config\":{}}"}}
[debug] [2025-05-23T12:26:58.475Z] [runtime-status] [12752] firebase-functions has been stubbed. {"functionsResolution":{"declared":true,"installed":true,"version":"6.3.2","resolution":"C:\\Users\\matth\\amazon-clone\\functions\\node_modules\\firebase-functions\\lib\\v2\\index.js"}} {"metadata":{"emulator":{"name":"functions"},"function":{"name":"us-central1-api"},"extension":{},"message":"[runtime-status] [12752] firebase-functions has been stubbed. {\"functionsResolution\":{\"declared\":true,\"installed\":true,\"version\":\"6.3.2\",\"resolution\":\"C:\\\\Users\\\\matth\\\\amazon-clone\\\\functions\\\\node_modules\\\\firebase-functions\\\\lib\\\\v2\\\\index.js\"}}"}}
[debug] [2025-05-23T12:26:58.477Z] [runtime-status] [12752] Resolved module firebase-functions {"declared":true,"installed":true,"version":"6.3.2","resolution":"C:\\Users\\matth\\amazon-clone\\functions\\node_modules\\firebase-functions\\lib\\v2\\index.js"} {"metadata":{"emulator":{"name":"functions"},"function":{"name":"us-central1-api"},"extension":{},"message":"[runtime-status] [12752] Resolved module firebase-functions {\"declared\":true,\"installed\":true,\"version\":\"6.3.2\",\"resolution\":\"C:\\\\Users\\\\matth\\\\amazon-clone\\\\functions\\\\node_modules\\\\firebase-functions\\\\lib\\\\v2\\\\index.js\"}"}}
[debug] [2025-05-23T12:26:58.497Z] [runtime-status] [12752] Resolved module firebase-admin {"declared":true,"installed":true,"version":"12.7.0","resolution":"C:\\Users\\matth\\amazon-clone\\functions\\node_modules\\firebase-admin\\lib\\index.js"} {"metadata":{"emulator":{"name":"functions"},"function":{"name":"us-central1-api"},"extension":{},"message":"[runtime-status] [12752] Resolved module firebase-admin {\"declared\":true,\"installed\":true,\"version\":\"12.7.0\",\"resolution\":\"C:\\\\Users\\\\matth\\\\amazon-clone\\\\functions\\\\node_modules\\\\firebase-admin\\\\lib\\\\index.js\"}"}}
[debug] [2025-05-23T12:26:58.510Z] [runtime-status] [12752] Resolved module firebase-functions {"declared":true,"installed":true,"version":"6.3.2","resolution":"C:\\Users\\matth\\amazon-clone\\functions\\node_modules\\firebase-functions\\lib\\v2\\index.js"} {"metadata":{"emulator":{"name":"functions"},"function":{"name":"us-central1-api"},"extension":{},"message":"[runtime-status] [12752] Resolved module firebase-functions {\"declared\":true,\"installed\":true,\"version\":\"6.3.2\",\"resolution\":\"C:\\\\Users\\\\matth\\\\amazon-clone\\\\functions\\\\node_modules\\\\firebase-functions\\\\lib\\\\v2\\\\index.js\"}"}}
[debug] [2025-05-23T12:26:58.511Z] [runtime-status] [12752] firebase-admin has been stubbed. {"adminResolution":{"declared":true,"installed":true,"version":"12.7.0","resolution":"C:\\Users\\matth\\amazon-clone\\functions\\node_modules\\firebase-admin\\lib\\index.js"}} {"metadata":{"emulator":{"name":"functions"},"function":{"name":"us-central1-api"},"extension":{},"message":"[runtime-status] [12752] firebase-admin has been stubbed. {\"adminResolution\":{\"declared\":true,\"installed\":true,\"version\":\"12.7.0\",\"resolution\":\"C:\\\\Users\\\\matth\\\\amazon-clone\\\\functions\\\\node_modules\\\\firebase-admin\\\\lib\\\\index.js\"}}"}}
[debug] [2025-05-23T12:26:59.530Z] [runtime-status] [12752] Functions runtime initialized. {"cwd":"C:\\Users\\matth\\amazon-clone\\functions","node_version":"23.10.0"} {"metadata":{"emulator":{"name":"functions"},"function":{"name":"us-central1-api"},"extension":{},"message":"[runtime-status] [12752] Functions runtime initialized. {\"cwd\":\"C:\\\\Users\\\\matth\\\\amazon-clone\\\\functions\",\"node_version\":\"23.10.0\"}"}}
[debug] [2025-05-23T12:26:59.531Z] [runtime-status] [12752] Listening to port: \\?\pipe\fire_emu_e04df01c48ada280 {"metadata":{"emulator":{"name":"functions"},"function":{"name":"us-central1-api"},"extension":{},"message":"[runtime-status] [12752] Listening to port: \\\\?\\pipe\\fire_emu_e04df01c48ada280"}}
[debug] [2025-05-23T12:26:59.588Z] [worker-us-central1-api-591f984d-5d8d-4bfd-9f4b-424547406971]: IDLE {"metadata":{"emulator":{"name":"functions"},"function":{"name":"us-central1-api"},"extension":{},"message":"[worker-us-central1-api-591f984d-5d8d-4bfd-9f4b-424547406971]: IDLE"}}
[debug] [2025-05-23T12:26:59.589Z] [worker-pool] submitRequest(triggerId=us-central1-api) {"metadata":{"emulator":{"name":"functions"},"message":"[worker-pool] submitRequest(triggerId=us-central1-api)"}}
[info] i  functions: Beginning execution of "us-central1-api" {"metadata":{"emulator":{"name":"functions"},"function":{"name":"us-central1-api"},"extension":{},"message":"Beginning execution of \"us-central1-api\""}}
[debug] [2025-05-23T12:26:59.593Z] [worker-us-central1-api-591f984d-5d8d-4bfd-9f4b-424547406971]: BUSY {"metadata":{"emulator":{"name":"functions"},"function":{"name":"us-central1-api"},"extension":{},"message":"[worker-us-central1-api-591f984d-5d8d-4bfd-9f4b-424547406971]: BUSY"}}
[debug] [2025-05-23T12:26:59.612Z] Finishing up request with event=pause {"metadata":{"emulator":{"name":"functions"},"function":{"name":"us-central1-api"},"extension":{},"message":"Finishing up request with event=pause"}}
[info] i  functions: Finished "us-central1-api" in 161.2293ms {"metadata":{"emulator":{"name":"functions"},"function":{"name":"us-central1-api"},"extension":{},"message":"Finished \"us-central1-api\" in 161.2293ms"}}
[debug] [2025-05-23T12:26:59.761Z] [worker-us-central1-api-591f984d-5d8d-4bfd-9f4b-424547406971]: IDLE {"metadata":{"emulator":{"name":"functions"},"function":{"name":"us-central1-api"},"extension":{},"message":"[worker-us-central1-api-591f984d-5d8d-4bfd-9f4b-424547406971]: IDLE"}}
[debug] [2025-05-23T12:26:59.762Z] Finishing up request with event=finish {"metadata":{"emulator":{"name":"functions"},"function":{"name":"us-central1-api"},"extension":{},"message":"Finishing up request with event=finish"}}
[debug] [2025-05-23T12:26:59.762Z] Finishing up request with event=close {"metadata":{"emulator":{"name":"functions"},"function":{"name":"us-central1-api"},"extension":{},"message":"Finishing up request with event=close"}}
[debug] [2025-05-23T12:26:59.763Z] [work-queue] {"queuedWork":[],"queueLength":0,"runningWork":[],"workRunningCount":0}
[debug] [2025-05-23T12:26:59.766Z] Functions emulator received unknown request at path /favicon.ico
